<?xml version="1.0" encoding="UTF-8"?>
<!-- Generated by org.testng.reporters.JUnitXMLReporter -->
<testsuite ignored="1" hostname="Binay" failures="0" tests="2" name="Data Provider Test" time="59.95" errors="0" timestamp="2025-08-17T18:48:23 IST">
  <testcase classname="binaykanthal.tests.DataProviderTest" name="dummyErrorValidation" time="15.727"/>
  <testcase classname="binaykanthal.tests.DataProviderTest" name="dummyErrorValidation" time="17.434"/>
  <testcase classname="binaykanthal.tests.DataProviderTest" name="checkoutErrorValidation" time="0.0">
    <ignored/>
  </testcase> <!-- checkoutErrorValidation -->
</testsuite> <!-- Data Provider Test -->
