<?xml version="1.0" encoding="UTF-8"?>
<!-- Generated by org.testng.reporters.JUnitXMLReporter -->
<testsuite ignored="2" hostname="Binay" failures="0" tests="0" time="0.027" errors="0" timestamp="2025-08-23T23:01:26 IST">
  <testcase classname="binaykanthal.tests.SubmitOrderTest" name="submitTest" time="0.0">
    <ignored/>
  </testcase> <!-- submitTest -->
  <testcase classname="binaykanthal.tests.SubmitOrderTest" name="verifyOrderHistory" time="0.0">
    <ignored/>
  </testcase> <!-- verifyOrderHistory -->
</testsuite>
